2020-10-20 12:17:05 [scrapy.utils.log] INFO: Scrapy 1.8.0 started (bot: TT)
2020-10-20 12:17:05 [scrapy.utils.log] INFO: Versions: lxml 4.4.2.0, libxml2 2.9.5, cssselect 1.1.0, parsel 1.5.2, w3lib 1.21.0, Twisted 19.10.0, Python 3.7.0 (v3.7.0:1bf9cc5093, Jun 27 2018, 04:59:51) [MSC v.1914 64 bit (AMD64)], pyOpenSSL 19.1.0 (OpenSSL 1.1.1d  10 Sep 2019), cryptography 2.8, Platform Windows-7-6.1.7601-SP1
2020-10-20 12:17:05 [scrapy.crawler] INFO: Overridden settings: {'BOT_NAME': 'TT', 'LOG_FILE': 'log/scrapy_2020_10.log', 'NEWSPIDER_MODULE': 'TT.spiders', 'SPIDER_MODULES': ['TT.spiders']}
2020-10-20 12:17:05 [scrapy.extensions.telnet] INFO: Telnet Password: 62873a1c8a4e4bf3
2020-10-20 12:17:05 [scrapy.middleware] INFO: Enabled extensions:
['scrapy.extensions.corestats.CoreStats',
 'scrapy.extensions.telnet.TelnetConsole',
 'scrapy.extensions.logstats.LogStats']
2020-10-20 12:17:05 [scrapy.middleware] INFO: Enabled downloader middlewares:
['scrapy.downloadermiddlewares.httpauth.HttpAuthMiddleware',
 'scrapy.downloadermiddlewares.downloadtimeout.DownloadTimeoutMiddleware',
 'scrapy.downloadermiddlewares.defaultheaders.DefaultHeadersMiddleware',
 'scrapy.downloadermiddlewares.useragent.UserAgentMiddleware',
 'scrapy.downloadermiddlewares.retry.RetryMiddleware',
 'scrapy.downloadermiddlewares.redirect.MetaRefreshMiddleware',
 'scrapy.downloadermiddlewares.httpcompression.HttpCompressionMiddleware',
 'scrapy.downloadermiddlewares.redirect.RedirectMiddleware',
 'scrapy.downloadermiddlewares.cookies.CookiesMiddleware',
 'scrapy.downloadermiddlewares.httpproxy.HttpProxyMiddleware',
 'scrapy.downloadermiddlewares.stats.DownloaderStats']
2020-10-20 12:17:05 [scrapy.middleware] INFO: Enabled spider middlewares:
['scrapy.spidermiddlewares.httperror.HttpErrorMiddleware',
 'scrapy.spidermiddlewares.offsite.OffsiteMiddleware',
 'scrapy.spidermiddlewares.referer.RefererMiddleware',
 'scrapy.spidermiddlewares.urllength.UrlLengthMiddleware',
 'scrapy.spidermiddlewares.depth.DepthMiddleware']
2020-10-20 12:17:05 [scrapy.middleware] INFO: Enabled item pipelines:
[]
2020-10-20 12:17:05 [scrapy.core.engine] INFO: Spider opened
2020-10-20 12:17:05 [scrapy.extensions.logstats] INFO: Crawled 0 pages (at 0 pages/min), scraped 0 items (at 0 items/min)
2020-10-20 12:17:05 [scrapy.extensions.telnet] INFO: Telnet console listening on 127.0.0.1:6023
2020-10-20 12:17:08 [scrapy.core.engine] DEBUG: Crawled (200) <GET https://www.toutiao.com/api/pc/feed/?category=profile_all&utm_source=toutiao&visit_user_token=MS4wLjABAAAAvazHMceCo3MeM9IJbll231AC8GkJDcrd__iZFw2hi4o&max_behot_time=0&_signature=_02B4Z6wo00f018WbbAAAAIBBBCoxYn13dpfFm2CAAK7z87> (referer: https://www.toutiao.com/c/user/token/MS4wLjABAAAAvazHMceCo3MeM9IJbll231AC8GkJDcrd__iZFw2hi4o/)
2020-10-20 12:17:08 [scrapy.core.scraper] ERROR: Spider error processing <GET https://www.toutiao.com/api/pc/feed/?category=profile_all&utm_source=toutiao&visit_user_token=MS4wLjABAAAAvazHMceCo3MeM9IJbll231AC8GkJDcrd__iZFw2hi4o&max_behot_time=0&_signature=_02B4Z6wo00f018WbbAAAAIBBBCoxYn13dpfFm2CAAK7z87> (referer: https://www.toutiao.com/c/user/token/MS4wLjABAAAAvazHMceCo3MeM9IJbll231AC8GkJDcrd__iZFw2hi4o/)
Traceback (most recent call last):
  File "c:\users\administrator\appdata\local\programs\python\python37\lib\site-packages\twisted\internet\defer.py", line 654, in _runCallbacks
    current.result = callback(current.result, *args, **kw)
  File "D:\1_hc\toutiao_spider\TT\TT\spiders\toutiaoSpider.py", line 63, in parse
    content = json.loads(response.text)
  File "c:\users\administrator\appdata\local\programs\python\python37\lib\json\__init__.py", line 348, in loads
    return _default_decoder.decode(s)
  File "c:\users\administrator\appdata\local\programs\python\python37\lib\json\decoder.py", line 337, in decode
    obj, end = self.raw_decode(s, idx=_w(s, 0).end())
  File "c:\users\administrator\appdata\local\programs\python\python37\lib\json\decoder.py", line 355, in raw_decode
    raise JSONDecodeError("Expecting value", s, err.value) from None
json.decoder.JSONDecodeError: Expecting value: line 1 column 1 (char 0)
2020-10-20 12:17:08 [scrapy.core.engine] INFO: Closing spider (finished)
2020-10-20 12:17:08 [scrapy.statscollectors] INFO: Dumping Scrapy stats:
{'downloader/request_bytes': 700,
 'downloader/request_count': 1,
 'downloader/request_method_count/GET': 1,
 'downloader/response_bytes': 898,
 'downloader/response_count': 1,
 'downloader/response_status_count/200': 1,
 'elapsed_time_seconds': 2.765158,
 'finish_reason': 'finished',
 'finish_time': datetime.datetime(2020, 10, 20, 4, 17, 8, 718524),
 'log_count/DEBUG': 1,
 'log_count/ERROR': 1,
 'log_count/INFO': 10,
 'response_received_count': 1,
 'scheduler/dequeued': 1,
 'scheduler/dequeued/memory': 1,
 'scheduler/enqueued': 1,
 'scheduler/enqueued/memory': 1,
 'spider_exceptions/JSONDecodeError': 1,
 'start_time': datetime.datetime(2020, 10, 20, 4, 17, 5, 953366)}
2020-10-20 12:17:08 [scrapy.core.engine] INFO: Spider closed (finished)
